2011-06-13 18:39:04.0675|INFO|Glimpse.Core.Module|<glimpse enabled="true" loggingEnabled="true">
    <ipAddresses>
        <add address="127.0.0.1" />
        <add address="::1" />
    </ipAddresses>
    <contentTypes>
        <add contentType="text/html" />
        <add contentType="application/json" />
    </contentTypes>
    <environments>
        <add name="Dev" authority="localhost:55555" />
        <add name="Prod" authority="getglimpse.com" />
    </environments>
</glimpse>
2011-06-13 21:08:00.5921|INFO|Glimpse.Core.Module|<glimpse enabled="true" loggingEnabled="true">
    <ipAddresses>
        <add address="127.0.0.1" />
        <add address="::1" />
    </ipAddresses>
    <contentTypes>
        <add contentType="text/html" />
        <add contentType="application/json" />
    </contentTypes>
    <environments>
        <add name="Dev" authority="localhost:55555" />
        <add name="Prod" authority="getglimpse.com" />
    </environments>
</glimpse>
2011-06-13 21:36:56.1484|INFO|Glimpse.Core.Module|<glimpse enabled="true" loggingEnabled="true">
    <ipAddresses>
        <add address="127.0.0.1" />
        <add address="::1" />
    </ipAddresses>
    <contentTypes>
        <add contentType="text/html" />
        <add contentType="application/json" />
    </contentTypes>
    <environments>
        <add name="Dev" authority="localhost:55555" />
        <add name="Prod" authority="getglimpse.com" />
    </environments>
</glimpse>
2011-06-13 21:46:15.5234|INFO|Glimpse.Core.Module|<glimpse enabled="true" loggingEnabled="true">
    <ipAddresses>
        <add address="127.0.0.1" />
        <add address="::1" />
    </ipAddresses>
    <contentTypes>
        <add contentType="text/html" />
        <add contentType="application/json" />
    </contentTypes>
    <environments>
        <add name="Dev" authority="localhost:55555" />
        <add name="Prod" authority="getglimpse.com" />
    </environments>
</glimpse>
2011-06-13 21:47:55.2851|INFO|Glimpse.Core.Module|<glimpse enabled="true" loggingEnabled="true">
    <ipAddresses>
        <add address="127.0.0.1" />
        <add address="::1" />
    </ipAddresses>
    <contentTypes>
        <add contentType="text/html" />
        <add contentType="application/json" />
    </contentTypes>
    <environments>
        <add name="Dev" authority="localhost:55555" />
        <add name="Prod" authority="getglimpse.com" />
    </environments>
</glimpse>
2011-06-14 19:02:49.2248|INFO|Glimpse.Core.Module|<glimpse enabled="true" loggingEnabled="true">
    <ipAddresses>
        <add address="127.0.0.1" />
        <add address="::1" />
    </ipAddresses>
    <contentTypes>
        <add contentType="text/html" />
        <add contentType="application/json" />
    </contentTypes>
    <environments>
        <add name="Dev" authority="localhost:55555" />
        <add name="Prod" authority="getglimpse.com" />
    </environments>
</glimpse>
2011-06-14 19:04:00.2468|INFO|Glimpse.Core.Module|<glimpse enabled="true" loggingEnabled="true">
    <ipAddresses>
        <add address="127.0.0.1" />
        <add address="::1" />
    </ipAddresses>
    <contentTypes>
        <add contentType="text/html" />
        <add contentType="application/json" />
    </contentTypes>
    <environments>
        <add name="Dev" authority="localhost:55555" />
        <add name="Prod" authority="getglimpse.com" />
    </environments>
</glimpse>
2011-06-14 19:07:59.6665|INFO|Glimpse.Core.Module|<glimpse enabled="true" loggingEnabled="true">
    <ipAddresses>
        <add address="127.0.0.1" />
        <add address="::1" />
    </ipAddresses>
    <contentTypes>
        <add contentType="text/html" />
        <add contentType="application/json" />
    </contentTypes>
    <environments>
        <add name="Dev" authority="localhost:55555" />
        <add name="Prod" authority="getglimpse.com" />
    </environments>
</glimpse>
