2011-06-11 12:00:29.7400|INFO|Glimpse.Core.Module|<glimpse enabled="true" loggingEnabled="true">
    <ipAddresses>
        <add address="127.0.0.1" />
        <add address="::1" />
    </ipAddresses>
    <contentTypes>
        <add contentType="text/html" />
        <add contentType="application/json" />
    </contentTypes>
    <environments>
        <add name="Dev" authority="localhost:55555" />
        <add name="Prod" authority="getglimpse.com" />
    </environments>
</glimpse>
2011-06-12 21:58:45.0818|INFO|Glimpse.Core.Module|<glimpse enabled="true" loggingEnabled="true">
    <ipAddresses>
        <add address="127.0.0.1" />
        <add address="::1" />
    </ipAddresses>
    <contentTypes>
        <add contentType="text/html" />
        <add contentType="application/json" />
    </contentTypes>
    <environments>
        <add name="Dev" authority="localhost:55555" />
        <add name="Prod" authority="getglimpse.com" />
    </environments>
</glimpse>
2011-06-12 22:33:49.9040|INFO|Glimpse.Core.Module|<glimpse enabled="true" loggingEnabled="true">
    <ipAddresses>
        <add address="127.0.0.1" />
        <add address="::1" />
    </ipAddresses>
    <contentTypes>
        <add contentType="text/html" />
        <add contentType="application/json" />
    </contentTypes>
    <environments>
        <add name="Dev" authority="localhost:55555" />
        <add name="Prod" authority="getglimpse.com" />
    </environments>
</glimpse>
2011-06-12 22:54:56.1733|INFO|Glimpse.Core.Module|<glimpse enabled="true" loggingEnabled="true">
    <ipAddresses>
        <add address="127.0.0.1" />
        <add address="::1" />
    </ipAddresses>
    <contentTypes>
        <add contentType="text/html" />
        <add contentType="application/json" />
    </contentTypes>
    <environments>
        <add name="Dev" authority="localhost:55555" />
        <add name="Prod" authority="getglimpse.com" />
    </environments>
</glimpse>
2011-06-13 07:45:28.8836|INFO|Glimpse.Core.Module|<glimpse enabled="true" loggingEnabled="true">
    <ipAddresses>
        <add address="127.0.0.1" />
        <add address="::1" />
    </ipAddresses>
    <contentTypes>
        <add contentType="text/html" />
        <add contentType="application/json" />
    </contentTypes>
    <environments>
        <add name="Dev" authority="localhost:55555" />
        <add name="Prod" authority="getglimpse.com" />
    </environments>
</glimpse>
2011-06-13 08:08:22.5602|INFO|Glimpse.Core.Module|<glimpse enabled="true" loggingEnabled="true">
    <ipAddresses>
        <add address="127.0.0.1" />
        <add address="::1" />
    </ipAddresses>
    <contentTypes>
        <add contentType="text/html" />
        <add contentType="application/json" />
    </contentTypes>
    <environments>
        <add name="Dev" authority="localhost:55555" />
        <add name="Prod" authority="getglimpse.com" />
    </environments>
</glimpse>
2011-06-13 08:56:49.2044|INFO|Glimpse.Core.Module|<glimpse enabled="true" loggingEnabled="true">
    <ipAddresses>
        <add address="127.0.0.1" />
        <add address="::1" />
    </ipAddresses>
    <contentTypes>
        <add contentType="text/html" />
        <add contentType="application/json" />
    </contentTypes>
    <environments>
        <add name="Dev" authority="localhost:55555" />
        <add name="Prod" authority="getglimpse.com" />
    </environments>
</glimpse>
2011-06-13 09:22:52.0008|INFO|Glimpse.Core.Module|<glimpse enabled="true" loggingEnabled="true">
    <ipAddresses>
        <add address="127.0.0.1" />
        <add address="::1" />
    </ipAddresses>
    <contentTypes>
        <add contentType="text/html" />
        <add contentType="application/json" />
    </contentTypes>
    <environments>
        <add name="Dev" authority="localhost:55555" />
        <add name="Prod" authority="getglimpse.com" />
    </environments>
</glimpse>
2011-06-13 09:23:27.3528|INFO|Glimpse.Core.Module|<glimpse enabled="true" loggingEnabled="true">
    <ipAddresses>
        <add address="127.0.0.1" />
        <add address="::1" />
    </ipAddresses>
    <contentTypes>
        <add contentType="text/html" />
        <add contentType="application/json" />
    </contentTypes>
    <environments>
        <add name="Dev" authority="localhost:55555" />
        <add name="Prod" authority="getglimpse.com" />
    </environments>
</glimpse>
2011-06-13 10:05:01.6123|INFO|Glimpse.Core.Module|<glimpse enabled="true" loggingEnabled="true">
    <ipAddresses>
        <add address="127.0.0.1" />
        <add address="::1" />
    </ipAddresses>
    <contentTypes>
        <add contentType="text/html" />
        <add contentType="application/json" />
    </contentTypes>
    <environments>
        <add name="Dev" authority="localhost:55555" />
        <add name="Prod" authority="getglimpse.com" />
    </environments>
</glimpse>
2011-06-13 10:27:27.1592|INFO|Glimpse.Core.Module|<glimpse enabled="true" loggingEnabled="true">
    <ipAddresses>
        <add address="127.0.0.1" />
        <add address="::1" />
    </ipAddresses>
    <contentTypes>
        <add contentType="text/html" />
        <add contentType="application/json" />
    </contentTypes>
    <environments>
        <add name="Dev" authority="localhost:55555" />
        <add name="Prod" authority="getglimpse.com" />
    </environments>
</glimpse>
2011-06-13 10:42:47.3725|INFO|Glimpse.Core.Module|<glimpse enabled="true" loggingEnabled="true">
    <ipAddresses>
        <add address="127.0.0.1" />
        <add address="::1" />
    </ipAddresses>
    <contentTypes>
        <add contentType="text/html" />
        <add contentType="application/json" />
    </contentTypes>
    <environments>
        <add name="Dev" authority="localhost:55555" />
        <add name="Prod" authority="getglimpse.com" />
    </environments>
</glimpse>
2011-06-13 10:50:35.9850|INFO|Glimpse.Core.Module|<glimpse enabled="true" loggingEnabled="true">
    <ipAddresses>
        <add address="127.0.0.1" />
        <add address="::1" />
    </ipAddresses>
    <contentTypes>
        <add contentType="text/html" />
        <add contentType="application/json" />
    </contentTypes>
    <environments>
        <add name="Dev" authority="localhost:55555" />
        <add name="Prod" authority="getglimpse.com" />
    </environments>
</glimpse>
2011-06-13 11:09:15.6307|INFO|Glimpse.Core.Module|<glimpse enabled="true" loggingEnabled="true">
    <ipAddresses>
        <add address="127.0.0.1" />
        <add address="::1" />
    </ipAddresses>
    <contentTypes>
        <add contentType="text/html" />
        <add contentType="application/json" />
    </contentTypes>
    <environments>
        <add name="Dev" authority="localhost:55555" />
        <add name="Prod" authority="getglimpse.com" />
    </environments>
</glimpse>
2011-06-13 11:16:13.0247|INFO|Glimpse.Core.Module|<glimpse enabled="true" loggingEnabled="true">
    <ipAddresses>
        <add address="127.0.0.1" />
        <add address="::1" />
    </ipAddresses>
    <contentTypes>
        <add contentType="text/html" />
        <add contentType="application/json" />
    </contentTypes>
    <environments>
        <add name="Dev" authority="localhost:55555" />
        <add name="Prod" authority="getglimpse.com" />
    </environments>
</glimpse>
2011-06-13 11:16:34.8605|INFO|Glimpse.Core.Module|<glimpse enabled="true" loggingEnabled="true">
    <ipAddresses>
        <add address="127.0.0.1" />
        <add address="::1" />
    </ipAddresses>
    <contentTypes>
        <add contentType="text/html" />
        <add contentType="application/json" />
    </contentTypes>
    <environments>
        <add name="Dev" authority="localhost:55555" />
        <add name="Prod" authority="getglimpse.com" />
    </environments>
</glimpse>
2011-06-13 11:35:11.2898|INFO|Glimpse.Core.Module|<glimpse enabled="true" loggingEnabled="true">
    <ipAddresses>
        <add address="127.0.0.1" />
        <add address="::1" />
    </ipAddresses>
    <contentTypes>
        <add contentType="text/html" />
        <add contentType="application/json" />
    </contentTypes>
    <environments>
        <add name="Dev" authority="localhost:55555" />
        <add name="Prod" authority="getglimpse.com" />
    </environments>
</glimpse>
2011-06-13 11:35:19.8749|INFO|Glimpse.Core.Module|<glimpse enabled="true" loggingEnabled="true">
    <ipAddresses>
        <add address="127.0.0.1" />
        <add address="::1" />
    </ipAddresses>
    <contentTypes>
        <add contentType="text/html" />
        <add contentType="application/json" />
    </contentTypes>
    <environments>
        <add name="Dev" authority="localhost:55555" />
        <add name="Prod" authority="getglimpse.com" />
    </environments>
</glimpse>
2011-06-13 11:45:16.3351|INFO|Glimpse.Core.Module|<glimpse enabled="true" loggingEnabled="true">
    <ipAddresses>
        <add address="127.0.0.1" />
        <add address="::1" />
    </ipAddresses>
    <contentTypes>
        <add contentType="text/html" />
        <add contentType="application/json" />
    </contentTypes>
    <environments>
        <add name="Dev" authority="localhost:55555" />
        <add name="Prod" authority="getglimpse.com" />
    </environments>
</glimpse>
2011-06-13 11:57:20.6171|INFO|Glimpse.Core.Module|<glimpse enabled="true" loggingEnabled="true">
    <ipAddresses>
        <add address="127.0.0.1" />
        <add address="::1" />
    </ipAddresses>
    <contentTypes>
        <add contentType="text/html" />
        <add contentType="application/json" />
    </contentTypes>
    <environments>
        <add name="Dev" authority="localhost:55555" />
        <add name="Prod" authority="getglimpse.com" />
    </environments>
</glimpse>
